\BOOKMARK [1][-]{section*.1}{Contents}{}% 1
\BOOKMARK [1][-]{section*.2}{Introduction}{}% 2
\BOOKMARK [1][-]{section*.3}{P, C and CPT}{}% 3
\BOOKMARK [1][-]{section*.4}{CP and Conservation}{}% 4
\BOOKMARK [1][-]{section*.5}{The CKM Mechanism}{}% 5
\BOOKMARK [1][-]{section*.6}{CPV in Kaon System}{}% 6
\BOOKMARK [2][-]{section*.7}{Neutral Kaon Mixing}{section*.6}% 7
\BOOKMARK [2][-]{section*.8}{Semileptonic decays}{section*.6}% 8
\BOOKMARK [2][-]{section*.9}{Testing CPT conservation through Strangenss Oscillations}{section*.6}% 9
\BOOKMARK [1][-]{section*.10}{B mesons and CPV}{}% 10
\BOOKMARK [2][-]{section*.11}{BaBar}{section*.10}% 11
\BOOKMARK [2][-]{section*.12}{Experimental Evidence of CPV in B mesons}{section*.10}% 12
\BOOKMARK [1][-]{section*.13}{CPV in D-meson system}{}% 13
\BOOKMARK [1][-]{section*.14}{Spontaneous CPV}{}% 14
\BOOKMARK [2][-]{section*.15}{Group Theory for Physics}{section*.14}% 15
\BOOKMARK [2][-]{section*.16}{Useful Physical Groups}{section*.14}% 16
\BOOKMARK [2][-]{section*.17}{Gauge Theory}{section*.14}% 17
\BOOKMARK [2][-]{section*.18}{Group Theoretic Conditions}{section*.14}% 18
\BOOKMARK [2][-]{section*.19}{The Aspon Model}{section*.14}% 19
\BOOKMARK [2][-]{section*.20}{Conclusion}{section*.14}% 20
\BOOKMARK [1][-]{section*.21}{Conclusion}{}% 21
\BOOKMARK [1][-]{section*.22}{References}{}% 22
