This is pdfTeX, Version 3.1415926-2.5-1.40.14 (MiKTeX 2.9) (preloaded format=pdflatex 2013.10.25)  10 NOV 2013 21:35
entering extended mode
**SCPV.tex
("C:\Users\Dud1337\Documents\GitHub\HEPP-CPV-project\Tex\SCPV section\SCPV.tex"
LaTeX2e <2011/06/27>
Babel <v3.8m> and hyphenation patterns for english, afrikaans, ancientgreek, ar
abic, armenian, assamese, basque, bengali, bokmal, bulgarian, catalan, coptic, 
croatian, czech, danish, dutch, esperanto, estonian, farsi, finnish, french, ga
lician, german, german-x-2013-05-26, greek, gujarati, hindi, hungarian, iceland
ic, indonesian, interlingua, irish, italian, kannada, kurmanji, latin, latvian,
 lithuanian, malayalam, marathi, mongolian, mongolianlmc, monogreek, ngerman, n
german-x-2013-05-26, nynorsk, oriya, panjabi, pinyin, polish, portuguese, roman
ian, russian, sanskrit, serbian, slovak, slovenian, spanish, swedish, swissgerm
an, tamil, telugu, turkish, turkmen, ukenglish, ukrainian, uppersorbian, usengl
ishmax, welsh, loaded.
(C:\Users\Dud1337\AppData\Roaming\MiKTeX\2.9\tex\latex\revtex4\revtex4.cls
Document Class: revtex4 2001/08/03 v4.0 (http://publish.aps.org/revtex4/ for do
cumentation)
 Copyright (c) 2001 The American Physical Society.
 mailto:revtex@aps.org
 Licensed under the LPPL:
http://www.ctan.org/tex-archive/macros/latex/base/lppl.txt
 Arthur Ogawa <ogawa@teleport.com>
 Based on work by David Carlisle <david@dcarlisle.demon.co.uk>.
ltxutil: portions licensed from W. E. Baxter (web@superscript.com)
Class revtex4 Info: Repairing broken LateX \@sect on input line 596.
\intertabularlinepenalty=\count79
\@tbpen=\count80
\@arstrutbox@hline=\box26
Class revtex4 Info: Repairing broken LaTeX \@xbitor on input line 1610.
ltxgrid: portions licensed from W. E. Baxter (web@superscript.com)
\c@linecount=\count81
\output=\toks14
\@protection@box=\box27
\@topmark@saved=\toks15
\footins@saved=\box28
\pagesofar=\box29
\footbox=\box30
\pagegrid@col=\count82
Class revtex4 Info: Incorporating package {textcase}  [1998/11/12 v0.06 Text on
ly upper/lower case changing (DPC)]. on input line 3682.
(C:\Users\Dud1337\AppData\Roaming\MiKTeX\2.9\tex\latex\url\url.sty
\Urlmuskip=\muskip10
Package: url 2006/04/12  ver 3.3  Verb mode for urls, etc.
)
\c@affil=\count83
\absbox=\box31
\c@part=\count84
\c@section=\count85
\c@subsection=\count86
\c@subsubsection=\count87
\c@paragraph=\count88
\c@subparagraph=\count89
\abovecaptionskip=\skip41
\belowcaptionskip=\skip42
\c@figure=\count90
\c@table=\count91

(C:\Users\Dud1337\AppData\Roaming\MiKTeX\2.9\tex\latex\natbib\natbib.sty
Package: natbib 2010/09/13 8.31b (PWD, AO)
\bibhang=\skip43
\bibsep=\skip44
LaTeX Info: Redefining \cite on input line 694.
\c@NAT@ctr=\count92
)
\widetext@top=\box32
\widetext@bot=\box33

(C:\Users\Dud1337\AppData\Roaming\MiKTeX\2.9\tex\latex\revtex4\revsymb.sty
Package: revsymb 2001/08/03 v4.0 (http://publish.aps.org/revtex4/ for documenta
tion)
LaTeX Info: Redefining \REV@mathfrak on input line 118.
))
(E:\Maths\MikTeX\tex\latex\amsfonts\amssymb.sty
Package: amssymb 2013/01/14 v3.01 AMS font symbols

(E:\Maths\MikTeX\tex\latex\amsfonts\amsfonts.sty
Package: amsfonts 2013/01/14 v3.01 Basic AMSFonts support
\@emptytoks=\toks16
\symAMSa=\mathgroup4
\symAMSb=\mathgroup5
LaTeX Font Info:    Overwriting math alphabet `\mathfrak' in version `bold'
(Font)                  U/euf/m/n --> U/euf/b/n on input line 106.
LaTeX Info: Redefining \frak on input line 111.
LaTeX Info: Redefining \Bbb on input line 113.
))
(E:\Maths\MikTeX\tex\latex\amsmath\amsmath.sty
Package: amsmath 2013/01/14 v2.14 AMS math features
\@mathmargin=\skip45

For additional information on amsmath, use the `?' option.
(E:\Maths\MikTeX\tex\latex\amsmath\amstext.sty
Package: amstext 2000/06/29 v2.01

(E:\Maths\MikTeX\tex\latex\amsmath\amsgen.sty
File: amsgen.sty 1999/11/30 v2.0
\@emptytoks=\toks17
\ex@=\dimen102
))
(E:\Maths\MikTeX\tex\latex\amsmath\amsbsy.sty
Package: amsbsy 1999/11/29 v1.2d
\pmbraise@=\dimen103
)
(E:\Maths\MikTeX\tex\latex\amsmath\amsopn.sty
Package: amsopn 1999/12/14 v2.01 operator names
)
\inf@bad=\count93
LaTeX Info: Redefining \frac on input line 210.
\uproot@=\count94
\leftroot@=\count95
LaTeX Info: Redefining \overline on input line 306.
\classnum@=\count96
\DOTSCASE@=\count97
LaTeX Info: Redefining \ldots on input line 378.
LaTeX Info: Redefining \dots on input line 381.
LaTeX Info: Redefining \cdots on input line 466.
\Mathstrutbox@=\box34
\strutbox@=\box35
\big@size=\dimen104
LaTeX Font Info:    Redeclaring font encoding OML on input line 566.
LaTeX Font Info:    Redeclaring font encoding OMS on input line 567.
\macc@depth=\count98
\c@MaxMatrixCols=\count99
\dotsspace@=\muskip11
\c@parentequation=\count100
\dspbrk@lvl=\count101
\tag@help=\toks18
\row@=\count102
\column@=\count103
\maxfields@=\count104
\andhelp@=\toks19
\eqnshift@=\dimen105
\alignsep@=\dimen106
\tagshift@=\dimen107
\tagwidth@=\dimen108
\totwidth@=\dimen109
\lineht@=\dimen110
\@envbody=\toks20
\multlinegap=\skip46
\multlinetaggap=\skip47
\mathdisplay@stack=\toks21
LaTeX Info: Redefining \[ on input line 2665.
LaTeX Info: Redefining \] on input line 2666.
)
(C:\Users\Dud1337\AppData\Roaming\MiKTeX\2.9\tex\latex\revtex4\aps.rtx
File: aps.rtx 2001/08/03 v4.0 (http://publish.aps.org/revtex4/ for documentatio
n)
)
(C:\Users\Dud1337\AppData\Roaming\MiKTeX\2.9\tex\latex\revtex4\10pt.rtx
File: 10pt.rtx 2001/08/03 v4.0 (http://publish.aps.org/revtex4/ for documentati
on)
)
(E:\Maths\MikTeX\tex\latex\graphics\epsfig.sty
Package: epsfig 1999/02/16 v1.7a (e)psfig emulation (SPQR)

(E:\Maths\MikTeX\tex\latex\graphics\graphicx.sty
Package: graphicx 1999/02/16 v1.0f Enhanced LaTeX Graphics (DPC,SPQR)

(E:\Maths\MikTeX\tex\latex\graphics\keyval.sty
Package: keyval 1999/03/16 v1.13 key=value parser (DPC)
\KV@toks@=\toks22
)
(E:\Maths\MikTeX\tex\latex\graphics\graphics.sty
Package: graphics 2009/02/05 v1.0o Standard LaTeX Graphics (DPC,SPQR)

(E:\Maths\MikTeX\tex\latex\graphics\trig.sty
Package: trig 1999/03/16 v1.09 sin cos tan (DPC)
)
(E:\Maths\MikTeX\tex\latex\00miktex\graphics.cfg
File: graphics.cfg 2007/01/18 v1.5 graphics configuration of teTeX/TeXLive
)
Package graphics Info: Driver file: pdftex.def on input line 91.

(E:\Maths\MikTeX\tex\latex\pdftex-def\pdftex.def
File: pdftex.def 2011/05/27 v0.06d Graphics/color for pdfTeX

(E:\Maths\MikTeX\tex\generic\oberdiek\infwarerr.sty
Package: infwarerr 2010/04/08 v1.3 Providing info/warning/error messages (HO)
)
(E:\Maths\MikTeX\tex\generic\oberdiek\ltxcmds.sty
Package: ltxcmds 2011/11/09 v1.22 LaTeX kernel commands for general use (HO)
)
\Gread@gobject=\count105
))
\Gin@req@height=\dimen111
\Gin@req@width=\dimen112
)
\epsfxsize=\dimen113
\epsfysize=\dimen114
)
(E:\Maths\MikTeX\tex\latex\graphics\color.sty
Package: color 2005/11/14 v1.0j Standard LaTeX Color (DPC)

(E:\Maths\MikTeX\tex\latex\00miktex\color.cfg
File: color.cfg 2007/01/18 v1.5 color configuration of teTeX/TeXLive
)
Package color Info: Driver file: pdftex.def on input line 130.
)
(E:\Maths\MikTeX\tex\latex\float\float.sty
Package: float 2001/11/08 v1.3d Float enhancements (AL)
\c@float@type=\count106
\float@exts=\toks23
\float@box=\box36
\@float@everytoks=\toks24
\@floatcapt=\box37
)
(C:\Users\Dud1337\AppData\Roaming\MiKTeX\2.9\tex\latex\listing\listing.sty
Package: listing 1999/05/25

Package `listing', V1.2, <1999/05/25>
\c@listing=\count107
) (C:\Users\Dud1337\AppData\Roaming\MiKTeX\2.9\tex\latex\braket\braket.sty)
("C:\Users\Dud1337\Documents\GitHub\HEPP-CPV-project\Tex\SCPV section\SCPV.aux"
)
LaTeX Font Info:    Checking defaults for OML/cmm/m/it on input line 10.
LaTeX Font Info:    ... okay on input line 10.
LaTeX Font Info:    Checking defaults for T1/cmr/m/n on input line 10.
LaTeX Font Info:    ... okay on input line 10.
LaTeX Font Info:    Checking defaults for OT1/cmr/m/n on input line 10.
LaTeX Font Info:    ... okay on input line 10.
LaTeX Font Info:    Checking defaults for OMS/cmsy/m/n on input line 10.
LaTeX Font Info:    ... okay on input line 10.
LaTeX Font Info:    Checking defaults for OMX/cmex/m/n on input line 10.
LaTeX Font Info:    ... okay on input line 10.
LaTeX Font Info:    Checking defaults for U/cmr/m/n on input line 10.
LaTeX Font Info:    ... okay on input line 10.
Class revtex4 Info: Patching LaTeX tabular. on input line 10.
Class revtex4 Info: cite was not loaded (OK!) on input line 10.
Class revtex4 Info: multicol was not loaded (OK!) on input line 10.
 (C:\Users\Dud1337\AppData\Roaming\MiKTeX\2.9\tex\context\base\supp-pdf.mkii
[Loading MPS to PDF converter (version 2006.09.02).]
\scratchcounter=\count108
\scratchdimen=\dimen115
\scratchbox=\box38
\nofMPsegments=\count109
\nofMParguments=\count110
\everyMPshowfont=\toks25
\MPscratchCnt=\count111
\MPscratchDim=\dimen116
\MPnumerator=\count112
\makeMPintoPDFobject=\count113
\everyMPtoPDFconversion=\toks26
)
LaTeX Font Info:    Try loading font information for U+msa on input line 19.
 (E:\Maths\MikTeX\tex\latex\amsfonts\umsa.fd
File: umsa.fd 2013/01/14 v3.01 AMS symbols A
)
LaTeX Font Info:    Try loading font information for U+msb on input line 19.

(E:\Maths\MikTeX\tex\latex\amsfonts\umsb.fd
File: umsb.fd 2013/01/14 v3.01 AMS symbols B
)

Package natbib Warning: Citation `SCPV1' on page 1 undefined on input line 23.


Package natbib Warning: Citation `SCPV1' on page 1 undefined on input line 25.


Package natbib Warning: Citation `SCPV2' on page 1 undefined on input line 25.


Underfull \hbox (badness 4899) in paragraph at lines 48--49
 []\OT1/cmr/m/n/10 Non-zero de-ter-mi-nant ma-tri-ces are in-vert-ible
 []

LaTeX Font Info:    Try loading font information for OMS+cmr on input line 53.
(E:\Maths\MikTeX\tex\latex\base\omscmr.fd
File: omscmr.fd 1999/05/25 v2.5h Standard LaTeX font definitions
)
LaTeX Font Info:    Font shape `OMS/cmr/m/n' in size <10> not available
(Font)              Font shape `OMS/cmsy/m/n' tried instead on input line 53.

Underfull \hbox (badness 1742) in paragraph at lines 71--73
\OT1/cmr/m/n/10 The de-sired trans-for-ma-tion $R$ has form such that
 []

[1{C:/Users/Dud1337/AppData/Local/MiKTeX/2.9/pdftex/config/pdftex.map}]
Underfull \hbox (badness 1939) in paragraph at lines 133--134
 []\OT1/cmr/m/n/10 Galilean Trans-for-ma-tions. Pre-serve New-ton's
 []


Package natbib Warning: Citation `SCPV3' on page 2 undefined on input line 142.



Underfull \hbox (badness 10000) in paragraph at lines 148--150

 []


Underfull \hbox (badness 1701) in paragraph at lines 151--152
[]\OT1/cmr/m/n/10 For the ex-am-ple of dis-tance in Eu-clidean space
 []

[2]
Underfull \hbox (badness 10000) in paragraph at lines 161--163

 []


Underfull \hbox (badness 10000) in paragraph at lines 164--165

 []


Underfull \hbox (badness 10000) in paragraph at lines 171--173

 []


Underfull \hbox (badness 10000) in paragraph at lines 174--175

 []


Underfull \hbox (badness 10000) in paragraph at lines 206--208

 []

Missing character: There is no Ã in font cmr10!
Missing character: There is no © in font cmr10!
Missing character: There is no Ã in font cmr10!
Missing character: There is no © in font cmr10!

Underfull \hbox (badness 1484) in paragraph at lines 227--228
[]\OT1/cmr/m/n/10 If the Hilbert Space is spanned by a fi-nite set
 []

[3]

Package natbib Warning: Citation `SCPV4' on page 4 undefined on input line 273.



Package natbib Warning: Citation `SCPVgroups' on page 4 undefined on input line
 275.

[4]
Underfull \hbox (badness 4846) in paragraph at lines 299--301
\OT1/cmr/m/n/10 Where in carte-sian co-or-di-nates $(\OML/cmm/m/it/10 x[]; x[];
 x[]; x[]\OT1/cmr/m/n/10 ) =$
 []


Underfull \hbox (badness 1502) in paragraph at lines 319--320
[]$\OT1/cmr/m/n/10 O(\OML/cmm/m/it/10 n\OT1/cmr/m/n/10 )$, $U(\OML/cmm/m/it/10 
n\OT1/cmr/m/n/10 )$ and $[](\OML/cmm/m/it/10 n\OT1/cmr/m/n/10 )$ have man-i-fol
d di-men-sion
 []


Package natbib Warning: Citation `SCPV6' on page 5 undefined on input line 332.



Package natbib Warning: Citation `SCPV6' on page 5 undefined on input line 336.



Package natbib Warning: Citation `SCPV3' on page 5 undefined on input line 336.


[5]

Package natbib Warning: There were undefined citations.

[6]
("C:\Users\Dud1337\Documents\GitHub\HEPP-CPV-project\Tex\SCPV section\SCPV.aux"
)

LaTeX Warning: Label(s) may have changed. Rerun to get cross-references right .


 ) 
Here is how much of TeX's memory you used:
 3763 strings out of 493921
 46774 string characters out of 3152087
 123988 words of memory out of 3000000
 7025 multiletter control sequences out of 15000+200000
 8784 words of font info for 33 fonts, out of 3000000 for 9000
 841 hyphenation exceptions out of 8191
 34i,16n,28p,539b,199s stack positions out of 5000i,500n,10000p,200000b,50000s
<E:/Maths/MikTeX/fonts/type1/public/amsfonts/cm/cmbx10.pfb><E:/Maths/MikTeX/f
onts/type1/public/amsfonts/cm/cmbx7.pfb><E:/Maths/MikTeX/fonts/type1/public/ams
fonts/cm/cmbx9.pfb><E:/Maths/MikTeX/fonts/type1/public/amsfonts/cm/cmbxti10.pfb
><E:/Maths/MikTeX/fonts/type1/public/amsfonts/cm/cmcsc10.pfb><E:/Maths/MikTeX/f
onts/type1/public/amsfonts/cm/cmex10.pfb><E:/Maths/MikTeX/fonts/type1/public/am
sfonts/cm/cmmi10.pfb><E:/Maths/MikTeX/fonts/type1/public/amsfonts/cm/cmmi7.pfb>
<E:/Maths/MikTeX/fonts/type1/public/amsfonts/cm/cmr10.pfb><E:/Maths/MikTeX/font
s/type1/public/amsfonts/cm/cmr5.pfb><E:/Maths/MikTeX/fonts/type1/public/amsfont
s/cm/cmr7.pfb><E:/Maths/MikTeX/fonts/type1/public/amsfonts/cm/cmss10.pfb><E:/Ma
ths/MikTeX/fonts/type1/public/amsfonts/cm/cmsy10.pfb><E:/Maths/MikTeX/fonts/typ
e1/public/amsfonts/cm/cmsy7.pfb><E:/Maths/MikTeX/fonts/type1/public/amsfonts/cm
/cmti10.pfb><E:/Maths/MikTeX/fonts/type1/public/amsfonts/symbols/msam10.pfb><E:
/Maths/MikTeX/fonts/type1/public/amsfonts/symbols/msbm10.pfb><E:/Maths/MikTeX/f
onts/type1/public/amsfonts/symbols/msbm7.pfb>
Output written on SCPV.pdf (6 pages, 223920 bytes).
PDF statistics:
 93 PDF objects out of 1000 (max. 8388607)
 0 named destinations out of 1000 (max. 500000)
 1 words of extra memory for PDF output out of 10000 (max. 10000000)

